<?xml version="1.0" encoding="UTF-8"?>
<!-- Generated by org.testng.reporters.JUnitReportReporter -->
<testsuite hostname="Arun" failures="0" tests="1" name="intershoppwa.HomepageTest" time="6.213" errors="0" timestamp="2023-09-17T14:37:43 IST" skipped="0">
  <testcase classname="intershoppwa.HomepageTest" name="testHomepage" time="6.213"/>
</testsuite> <!-- intershoppwa.HomepageTest -->
